<?xml version="1.0" encoding="UTF-8"?>
<testng-results skipped="0" failed="0" total="1" passed="1">
  <reporter-output>
  </reporter-output>
  <suite name="Suite" duration-ms="18500" started-at="2019-02-26T23:01:17Z" finished-at="2019-02-26T23:01:36Z">
    <groups>
    </groups>
    <test name="Test" duration-ms="18500" started-at="2019-02-26T23:01:17Z" finished-at="2019-02-26T23:01:36Z">
      <class name="practice.TestCases">
        <test-method status="PASS" signature="testCase1()[pri:0, instance:practice.TestCases@2f7c7260]" name="testCase1" duration-ms="18500" started-at="2019-02-26T18:01:17Z" finished-at="2019-02-26T18:01:36Z">
          <reporter-output>
          </reporter-output>
        </test-method> <!-- testCase1 -->
      </class> <!-- practice.TestCases -->
    </test> <!-- Test -->
  </suite> <!-- Suite -->
</testng-results>
